_H:	|epc_ctr	|Epoch	cpy_cnt_sum_Outp_se_0	sum_lst_cycles	|epoch	
_D:	1	0	4		150		0	
_D:	1	0	3		150		0	
_D:	1	0	3		150		0	
_D:	1	0	4		150		0	
_D:	1	0	3		150		0	
_D:	1	0	2		150		0	
_D:	1	0	2		150		0	
_D:	1	0	4		150		0	
_D:	1	0	3		150		0	
_D:	1	0	5		150		0	
_D:	1	0	4		150		1	
_D:	1	0	4		150		1	
_D:	1	0	5		150		1	
_D:	1	0	4		150		1	
_D:	1	0	4		150		1	
_D:	1	0	4		150		1	
_D:	1	0	3		150		1	
_D:	1	0	4		150		1	
_D:	1	0	4		150		1	
_D:	1	0	5		150		1	
_D:	1	0	8		150		0	
_D:	1	0	9		150		0	
_D:	1	0	7		150		0	
_D:	1	0	9		150		0	
_D:	1	0	6		150		0	
_D:	1	0	9		150		0	
_D:	1	0	8		150		0	
_D:	1	0	8		150		0	
_D:	1	0	10		150		0	
_D:	1	0	10		150		0	
_D:	1	0	10		150		1	
_D:	1	0	9		150		1	
_D:	1	0	9		150		1	
_D:	1	0	10		150		1	
_D:	1	0	8		150		1	
_D:	1	0	10		150		1	
_D:	1	0	8		150		1	
_D:	1	0	11		150		1	
_D:	1	0	9		150		1	
_D:	1	0	11		150		1	
_D:	1	0	5		150		0	
_D:	1	0	6		150		0	
_D:	1	0	7		150		0	
_D:	1	0	6		150		0	
_D:	1	0	6		150		0	
_D:	1	0	6		150		0	
_D:	1	0	5		150		0	
_D:	1	0	6		150		0	
_D:	1	0	6		150		0	
_D:	1	0	6		150		0	
_D:	1	0	6		150		1	
_D:	1	0	6		150		1	
_D:	1	0	6		150		1	
_D:	1	0	5		150		1	
_D:	1	0	6		150		1	
_D:	1	0	6		150		1	
_D:	1	0	5		150		1	
_D:	1	0	5		150		1	
_D:	1	0	5		150		1	
_D:	1	0	5		150		1	
_D:	1	0	5		150		0	
_D:	1	0	6		150		0	
_D:	1	0	5		150		0	
_D:	1	0	3		150		0	
_D:	1	0	6		150		0	
_D:	1	0	5		150		0	
_D:	1	0	4		150		0	
_D:	1	0	6		150		0	
_D:	1	0	4		150		0	
_D:	1	0	5		150		0	
_D:	1	0	4		150		1	
_D:	1	0	4		150		1	
_D:	1	0	5		150		1	
_D:	1	0	5		150		1	
_D:	1	0	5		150		1	
_D:	1	0	5		150		1	
_D:	1	0	4		150		1	
_D:	1	0	5		150		1	
_D:	1	0	4		150		1	
_D:	1	0	4		150		1	
_D:	1	0	6		150		0	
_D:	1	0	7		150		0	
_D:	1	0	6		150		0	
_D:	1	0	6		150		0	
_D:	1	0	7		150		0	
_D:	1	0	5		150		0	
_D:	1	0	5		150		0	
_D:	1	0	7		150		0	
_D:	1	0	6		150		0	
_D:	1	0	7		150		0	
_D:	1	0	8		150		1	
_D:	1	0	5		150		1	
_D:	1	0	7		150		1	
_D:	1	0	5		150		1	
_D:	1	0	6		150		1	
_D:	1	0	6		150		1	
_D:	1	0	7		150		1	
_D:	1	0	5		150		1	
_D:	1	0	7		150		1	
_D:	1	0	8		150		1	
_D:	1	0	8		150		0	
_D:	1	0	7		150		0	
_D:	1	0	7		150		0	
_D:	1	0	8		150		0	
_D:	1	0	7		150		0	
_D:	1	0	8		150		0	
_D:	1	0	7		150		0	
_D:	1	0	7		150		0	
_D:	1	0	7		150		0	
_D:	1	0	7		150		0	
_D:	1	0	7		150		1	
_D:	1	0	8		150		1	
_D:	1	0	7		150		1	
_D:	1	0	7		150		1	
_D:	1	0	7		150		1	
_D:	1	0	7		150		1	
_D:	1	0	6		150		1	
_D:	1	0	6		150		1	
_D:	1	0	7		150		1	
_D:	1	0	7		150		1	
_D:	1	0	7		150		0	
_D:	1	0	7		150		0	
_D:	1	0	9		150		0	
_D:	1	0	7		150		0	
_D:	1	0	7		150		0	
_D:	1	0	5		150		0	
_D:	1	0	6		150		0	
_D:	1	0	7		150		0	
_D:	1	0	7		150		0	
_D:	1	0	7		150		0	
_D:	1	0	7		150		1	
_D:	1	0	6		150		1	
_D:	1	0	8		150		1	
_D:	1	0	6		150		1	
_D:	1	0	5		150		1	
_D:	1	0	5		150		1	
_D:	1	0	6		150		1	
_D:	1	0	7		150		1	
_D:	1	0	3		150		1	
_D:	1	0	5		150		1	
_D:	1	0	6		150		0	
_D:	1	0	7		150		0	
_D:	1	0	6		150		0	
_D:	1	0	8		150		0	
_D:	1	0	4		150		0	
_D:	1	0	6		150		0	
_D:	1	0	9		150		0	
_D:	1	0	6		150		0	
_D:	1	0	7		150		0	
_D:	1	0	6		150		0	
_D:	1	0	7		150		1	
_D:	1	0	7		150		1	
_D:	1	0	5		150		1	
_D:	1	0	5		150		1	
_D:	1	0	6		150		1	
_D:	1	0	5		150		1	
_D:	1	0	8		150		1	
_D:	1	0	5		150		1	
_D:	1	0	6		150		1	
_D:	1	0	8		150		1	
_D:	1	0	4		150		0	
_D:	1	0	4		150		0	
_D:	1	0	4		150		0	
_D:	1	0	4		150		0	
_D:	1	0	5		150		0	
_D:	1	0	3		150		0	
_D:	1	0	3		150		0	
_D:	1	0	3		150		0	
_D:	1	0	5		150		0	
_D:	1	0	4		150		0	
_D:	1	0	6		150		1	
_D:	1	0	5		150		1	
_D:	1	0	5		150		1	
_D:	1	0	5		150		1	
_D:	1	0	5		150		1	
_D:	1	0	5		150		1	
_D:	1	0	6		150		1	
_D:	1	0	7		150		1	
_D:	1	0	6		150		1	
_D:	1	0	6		150		1	
_D:	1	0	8		150		0	
_D:	1	0	8		150		0	
_D:	1	0	10		150		0	
_D:	1	0	8		150		0	
_D:	1	0	9		150		0	
_D:	1	0	10		150		0	
_D:	1	0	7		150		0	
_D:	1	0	10		150		0	
_D:	1	0	9		150		0	
_D:	1	0	9		150		0	
_D:	1	0	9		150		1	
_D:	1	0	10		150		1	
_D:	1	0	8		150		1	
_D:	1	0	8		150		1	
_D:	1	0	9		150		1	
_D:	1	0	9		150		1	
_D:	1	0	8		150		1	
_D:	1	0	9		150		1	
_D:	1	0	8		150		1	
_D:	1	0	9		150		1	
_D:	1	0	5		150		0	
_D:	1	0	7		150		0	
_D:	1	0	5		150		0	
_D:	1	0	5		150		0	
_D:	1	0	7		150		0	
_D:	1	0	7		150		0	
_D:	1	0	7		150		0	
_D:	1	0	8		150		0	
_D:	1	0	7		150		0	
_D:	1	0	6		150		0	
_D:	1	0	7		150		1	
_D:	1	0	6		150		1	
_D:	1	0	5		150		1	
_D:	1	0	5		150		1	
_D:	1	0	5		150		1	
_D:	1	0	6		150		1	
_D:	1	0	5		150		1	
_D:	1	0	6		150		1	
_D:	1	0	5		150		1	
_D:	1	0	4		150		1	
_D:	1	0	8		150		0	
_D:	1	0	8		150		0	
_D:	1	0	7		150		0	
_D:	1	0	7		150		0	
_D:	1	0	7		150		0	
_D:	1	0	7		150		0	
_D:	1	0	8		150		0	
_D:	1	0	7		150		0	
_D:	1	0	7		150		0	
_D:	1	0	8		150		0	
_D:	1	0	7		150		1	
_D:	1	0	7		150		1	
_D:	1	0	7		150		1	
_D:	1	0	6		150		1	
_D:	1	0	7		150		1	
_D:	1	0	6		150		1	
_D:	1	0	7		150		1	
_D:	1	0	8		150		1	
_D:	1	0	8		150		1	
_D:	1	0	8		150		1	
_D:	1	0	4		150		0	
_D:	1	0	3		150		0	
_D:	1	0	4		150		0	
_D:	1	0	5		150		0	
_D:	1	0	4		150		0	
_D:	1	0	5		150		0	
_D:	1	0	4		150		0	
_D:	1	0	4		150		0	
_D:	1	0	4		150		0	
_D:	1	0	5		150		0	
_D:	1	0	5		150		1	
_D:	1	0	5		150		1	
_D:	1	0	3		150		1	
_D:	1	0	5		150		1	
_D:	1	0	5		150		1	
_D:	1	0	3		150		1	
_D:	1	0	5		150		1	
_D:	1	0	5		150		1	
_D:	1	0	5		150		1	
_D:	1	0	5		150		1	
_D:	1	0	4		150		0	
_D:	1	0	3		150		0	
_D:	1	0	4		150		0	
_D:	1	0	3		150		0	
_D:	1	0	4		150		0	
_D:	1	0	3		150		0	
_D:	1	0	4		150		0	
_D:	1	0	4		150		0	
_D:	1	0	4		150		0	
_D:	1	0	3		150		0	
_D:	1	0	3		150		1	
_D:	1	0	3		150		1	
_D:	1	0	2		150		1	
_D:	1	0	3		150		1	
_D:	1	0	3		150		1	
_D:	1	0	3		150		1	
_D:	1	0	2		150		1	
_D:	1	0	3		150		1	
_D:	1	0	4		150		1	
_D:	1	0	4		150		1	
_D:	1	0	5		150		0	
_D:	1	0	5		150		0	
_D:	1	0	5		150		0	
_D:	1	0	5		150		0	
_D:	1	0	5		150		0	
_D:	1	0	4		150		0	
_D:	1	0	5		150		0	
_D:	1	0	4		150		0	
_D:	1	0	5		150		0	
_D:	1	0	5		150		0	
_D:	1	0	4		150		1	
_D:	1	0	5		150		1	
_D:	1	0	4		150		1	
_D:	1	0	4		150		1	
_D:	1	0	4		150		1	
_D:	1	0	4		150		1	
_D:	1	0	5		150		1	
_D:	1	0	4		150		1	
_D:	1	0	5		150		1	
_D:	1	0	4		150		1	
_D:	1	0	7		150		0	
_D:	1	0	7		150		0	
_D:	1	0	8		150		0	
_D:	1	0	8		150		0	
_D:	1	0	7		150		0	
_D:	1	0	5		150		0	
_D:	1	0	5		150		0	
_D:	1	0	6		150		0	
_D:	1	0	6		150		0	
_D:	1	0	6		150		0	
_D:	1	0	5		150		1	
_D:	1	0	6		150		1	
_D:	1	0	5		150		1	
_D:	1	0	6		150		1	
_D:	1	0	5		150		1	
_D:	1	0	6		150		1	
_D:	1	0	6		150		1	
_D:	1	0	7		150		1	
_D:	1	0	6		150		1	
_D:	1	0	5		150		1	
_D:	1	0	6		150		0	
_D:	1	0	5		150		0	
_D:	1	0	5		150		0	
_D:	1	0	8		150		0	
_D:	1	0	7		150		0	
_D:	1	0	7		150		0	
_D:	1	0	6		150		0	
_D:	1	0	6		150		0	
_D:	1	0	7		150		0	
_D:	1	0	7		150		0	
_D:	1	0	5		150		1	
_D:	1	0	5		150		1	
_D:	1	0	7		150		1	
_D:	1	0	8		150		1	
_D:	1	0	6		150		1	
_D:	1	0	4		150		1	
_D:	1	0	7		150		1	
_D:	1	0	7		150		1	
_D:	1	0	4		150		1	
_D:	1	0	3		150		1	
_D:	1	0	6		150		0	
_D:	1	0	5		150		0	
_D:	1	0	6		150		0	
_D:	1	0	6		150		0	
_D:	1	0	6		150		0	
_D:	1	0	5		150		0	
_D:	1	0	6		150		0	
_D:	1	0	7		150		0	
_D:	1	0	5		150		0	
_D:	1	0	4		150		0	
_D:	1	0	5		150		1	
_D:	1	0	4		150		1	
_D:	1	0	6		150		1	
_D:	1	0	4		150		1	
_D:	1	0	6		150		1	
_D:	1	0	5		150		1	
_D:	1	0	6		150		1	
_D:	1	0	5		150		1	
_D:	1	0	6		150		1	
_D:	1	0	5		150		1	
_D:	1	0	7		150		0	
_D:	1	0	5		150		0	
_D:	1	0	5		150		0	
_D:	1	0	5		150		0	
_D:	1	0	6		150		0	
_D:	1	0	5		150		0	
_D:	1	0	6		150		0	
_D:	1	0	5		150		0	
_D:	1	0	5		150		0	
_D:	1	0	4		150		0	
_D:	1	0	6		150		1	
_D:	1	0	5		150		1	
_D:	1	0	5		150		1	
_D:	1	0	5		150		1	
_D:	1	0	5		150		1	
_D:	1	0	6		150		1	
_D:	1	0	4		150		1	
_D:	1	0	4		150		1	
_D:	1	0	3		150		1	
_D:	1	0	5		150		1	
_D:	1	0	7		150		0	
_D:	1	0	7		150		0	
_D:	1	0	7		150		0	
_D:	1	0	8		150		0	
_D:	1	0	7		150		0	
_D:	1	0	6		150		0	
_D:	1	0	7		150		0	
_D:	1	0	7		150		0	
_D:	1	0	6		150		0	
_D:	1	0	8		150		0	
_D:	1	0	6		150		1	
_D:	1	0	7		150		1	
_D:	1	0	8		150		1	
_D:	1	0	7		150		1	
_D:	1	0	6		150		1	
_D:	1	0	7		150		1	
_D:	1	0	7		150		1	
_D:	1	0	7		150		1	
_D:	1	0	6		150		1	
_D:	1	0	6		150		1	
_D:	1	0	7		150		0	
_D:	1	0	7		150		0	
_D:	1	0	8		150		0	
_D:	1	0	8		150		0	
_D:	1	0	7		150		0	
_D:	1	0	7		150		0	
_D:	1	0	8		150		0	
_D:	1	0	8		150		0	
_D:	1	0	9		150		0	
_D:	1	0	9		150		0	
_D:	1	0	6		150		1	
_D:	1	0	7		150		1	
_D:	1	0	9		150		1	
_D:	1	0	8		150		1	
_D:	1	0	8		150		1	
_D:	1	0	8		150		1	
_D:	1	0	7		150		1	
_D:	1	0	8		150		1	
_D:	1	0	8		150		1	
_D:	1	0	8		150		1	
_D:	1	0	5		150		0	
_D:	1	0	4		150		0	
_D:	1	0	5		150		0	
_D:	1	0	4		150		0	
_D:	1	0	4		150		0	
_D:	1	0	4		150		0	
_D:	1	0	4		150		0	
_D:	1	0	4		150		0	
_D:	1	0	4		150		0	
_D:	1	0	6		150		0	
_D:	1	0	6		150		1	
_D:	1	0	5		150		1	
_D:	1	0	5		150		1	
_D:	1	0	5		150		1	
_D:	1	0	6		150		1	
_D:	1	0	5		150		1	
_D:	1	0	5		150		1	
_D:	1	0	5		150		1	
_D:	1	0	5		150		1	
_D:	1	0	5		150		1	
_D:	1	0	6		150		0	
_D:	1	0	5		150		0	
_D:	1	0	5		150		0	
_D:	1	0	6		150		0	
_D:	1	0	5		150		0	
_D:	1	0	6		150		0	
_D:	1	0	6		150		0	
_D:	1	0	6		150		0	
_D:	1	0	4		150		0	
_D:	1	0	7		150		0	
_D:	1	0	6		150		1	
_D:	1	0	5		150		1	
_D:	1	0	7		150		1	
_D:	1	0	7		150		1	
_D:	1	0	5		150		1	
_D:	1	0	5		150		1	
_D:	1	0	3		150		1	
_D:	1	0	5		150		1	
_D:	1	0	5		150		1	
_D:	1	0	6		150		1	
_D:	1	0	7		150		0	
_D:	1	0	9		150		0	
_D:	1	0	8		150		0	
_D:	1	0	7		150		0	
_D:	1	0	7		150		0	
_D:	1	0	8		150		0	
_D:	1	0	6		150		0	
_D:	1	0	6		150		0	
_D:	1	0	8		150		0	
_D:	1	0	7		150		0	
_D:	1	0	7		150		1	
_D:	1	0	6		150		1	
_D:	1	0	7		150		1	
_D:	1	0	8		150		1	
_D:	1	0	6		150		1	
_D:	1	0	7		150		1	
_D:	1	0	7		150		1	
_D:	1	0	6		150		1	
_D:	1	0	7		150		1	
_D:	1	0	5		150		1	
_D:	1	0	7		150		0	
_D:	1	0	4		150		0	
_D:	1	0	3		150		0	
_D:	1	0	4		150		0	
_D:	1	0	5		150		0	
_D:	1	0	4		150		0	
_D:	1	0	6		150		0	
_D:	1	0	5		150		0	
_D:	1	0	6		150		0	
_D:	1	0	3		150		0	
_D:	1	0	4		150		1	
_D:	1	0	4		150		1	
_D:	1	0	4		150		1	
_D:	1	0	5		150		1	
_D:	1	0	5		150		1	
_D:	1	0	5		150		1	
_D:	1	0	3		150		1	
_D:	1	0	6		150		1	
_D:	1	0	3		150		1	
_D:	1	0	5		150		1	
_D:	1	0	2		150		0	
_D:	1	0	2		150		0	
_D:	1	0	2		150		0	
_D:	1	0	2		150		0	
_D:	1	0	2		150		0	
_D:	1	0	2		150		0	
_D:	1	0	2		150		0	
_D:	1	0	2		150		0	
_D:	1	0	3		150		0	
_D:	1	0	2		150		0	
_D:	1	0	2		150		1	
_D:	1	0	2		150		1	
_D:	1	0	2		150		1	
_D:	1	0	1		150		1	
_D:	1	0	2		150		1	
_D:	1	0	2		150		1	
_D:	1	0	2		150		1	
_D:	1	0	2		150		1	
_D:	1	0	1		150		1	
_D:	1	0	1		150		1	
_D:	1	0	6		150		0	
_D:	1	0	6		150		0	
_D:	1	0	6		150		0	
_D:	1	0	6		150		0	
_D:	1	0	6		150		0	
_D:	1	0	5		150		0	
_D:	1	0	6		150		0	
_D:	1	0	4		150		0	
_D:	1	0	5		150		0	
_D:	1	0	5		150		0	
_D:	1	0	4		150		1	
_D:	1	0	4		150		1	
_D:	1	0	4		150		1	
_D:	1	0	3		150		1	
_D:	1	0	3		150		1	
_D:	1	0	4		150		1	
_D:	1	0	2		150		1	
_D:	1	0	1		150		1	
_D:	1	0	2		150		1	
_D:	1	0	0		150		1	
_D:	1	0	6		150		0	
_D:	1	0	7		150		0	
_D:	1	0	7		150		0	
_D:	1	0	6		150		0	
_D:	1	0	6		150		0	
_D:	1	0	6		150		0	
_D:	1	0	7		150		0	
_D:	1	0	7		150		0	
_D:	1	0	6		150		0	
_D:	1	0	7		150		0	
_D:	1	0	7		150		1	
_D:	1	0	6		150		1	
_D:	1	0	6		150		1	
_D:	1	0	5		150		1	
_D:	1	0	6		150		1	
_D:	1	0	6		150		1	
_D:	1	0	6		150		1	
_D:	1	0	6		150		1	
_D:	1	0	6		150		1	
_D:	1	0	6		150		1	
_D:	1	0	6		150		0	
_D:	1	0	6		150		0	
_D:	1	0	6		150		0	
_D:	1	0	6		150		0	
_D:	1	0	6		150		0	
_D:	1	0	6		150		0	
_D:	1	0	6		150		0	
_D:	1	0	6		150		0	
_D:	1	0	6		150		0	
_D:	1	0	6		150		0	
_D:	1	0	6		150		1	
_D:	1	0	6		150		1	
_D:	1	0	6		150		1	
_D:	1	0	5		150		1	
_D:	1	0	6		150		1	
_D:	1	0	5		150		1	
_D:	1	0	5		150		1	
_D:	1	0	5		150		1	
_D:	1	0	5		150		1	
_D:	1	0	5		150		1	
_D:	1	0	3		150		0	
_D:	1	0	5		150		0	
_D:	1	0	4		150		0	
_D:	1	0	5		150		0	
_D:	1	0	8		150		0	
_D:	1	0	3		150		0	
_D:	1	0	3		150		0	
_D:	1	0	2		150		0	
_D:	1	0	3		150		0	
_D:	1	0	1		150		0	
_D:	1	0	2		150		1	
_D:	1	0	2		150		1	
_D:	1	0	2		150		1	
_D:	1	0	3		150		1	
_D:	1	0	3		150		1	
_D:	1	0	2		150		1	
_D:	1	0	2		150		1	
_D:	1	0	2		150		1	
_D:	1	0	3		150		1	
_D:	1	0	2		150		1	
_D:	1	0	6		150		0	
_D:	1	0	6		150		0	
_D:	1	0	6		150		0	
_D:	1	0	6		150		0	
_D:	1	0	7		150		0	
_D:	1	0	6		150		0	
_D:	1	0	6		150		0	
_D:	1	0	6		150		0	
_D:	1	0	7		150		0	
_D:	1	0	6		150		0	
_D:	1	0	6		150		1	
_D:	1	0	6		150		1	
_D:	1	0	6		150		1	
_D:	1	0	6		150		1	
_D:	1	0	6		150		1	
_D:	1	0	6		150		1	
_D:	1	0	6		150		1	
_D:	1	0	5		150		1	
_D:	1	0	7		150		1	
_D:	1	0	6		150		1	
_D:	1	0	7		150		0	
_D:	1	0	7		150		0	
_D:	1	0	8		150		0	
_D:	1	0	7		150		0	
_D:	1	0	9		150		0	
_D:	1	0	8		150		0	
_D:	1	0	7		150		0	
_D:	1	0	9		150		0	
_D:	1	0	8		150		0	
_D:	1	0	8		150		0	
_D:	1	0	8		150		1	
_D:	1	0	7		150		1	
_D:	1	0	8		150		1	
_D:	1	0	8		150		1	
_D:	1	0	7		150		1	
_D:	1	0	6		150		1	
_D:	1	0	7		150		1	
_D:	1	0	5		150		1	
_D:	1	0	7		150		1	
_D:	1	0	7		150		1	
_D:	1	0	5		150		0	
_D:	1	0	6		150		0	
_D:	1	0	6		150		0	
_D:	1	0	6		150		0	
_D:	1	0	7		150		0	
_D:	1	0	7		150		0	
_D:	1	0	7		150		0	
_D:	1	0	7		150		0	
_D:	1	0	6		150		0	
_D:	1	0	6		150		0	
_D:	1	0	6		150		1	
_D:	1	0	7		150		1	
_D:	1	0	4		150		1	
_D:	1	0	5		150		1	
_D:	1	0	2		150		1	
_D:	1	0	3		150		1	
_D:	1	0	3		150		1	
_D:	1	0	3		150		1	
_D:	1	0	2		150		1	
_D:	1	0	2		150		1	
_D:	1	0	6		150		0	
_D:	1	0	7		150		0	
_D:	1	0	6		150		0	
_D:	1	0	6		150		0	
_D:	1	0	5		150		0	
_D:	1	0	5		150		0	
_D:	1	0	7		150		0	
_D:	1	0	5		150		0	
_D:	1	0	6		150		0	
_D:	1	0	6		150		0	
_D:	1	0	8		150		1	
_D:	1	0	6		150		1	
_D:	1	0	8		150		1	
_D:	1	0	8		150		1	
_D:	1	0	6		150		1	
_D:	1	0	5		150		1	
_D:	1	0	6		150		1	
_D:	1	0	6		150		1	
_D:	1	0	6		150		1	
_D:	1	0	5		150		1	
_D:	1	0	7		150		0	
_D:	1	0	5		150		0	
_D:	1	0	7		150		0	
_D:	1	0	7		150		0	
_D:	1	0	7		150		0	
_D:	1	0	8		150		0	
_D:	1	0	8		150		0	
_D:	1	0	8		150		0	
_D:	1	0	8		150		0	
_D:	1	0	7		150		0	
_D:	1	0	7		150		1	
_D:	1	0	8		150		1	
_D:	1	0	7		150		1	
_D:	1	0	6		150		1	
_D:	1	0	8		150		1	
_D:	1	0	8		150		1	
_D:	1	0	9		150		1	
_D:	1	0	8		150		1	
_D:	1	0	8		150		1	
_D:	1	0	7		150		1	
_D:	1	0	7		150		0	
_D:	1	0	8		150		0	
_D:	1	0	7		150		0	
_D:	1	0	8		150		0	
_D:	1	0	8		150		0	
_D:	1	0	8		150		0	
_D:	1	0	8		150		0	
_D:	1	0	8		150		0	
_D:	1	0	7		150		0	
_D:	1	0	8		150		0	
_D:	1	0	8		150		1	
_D:	1	0	8		150		1	
_D:	1	0	9		150		1	
_D:	1	0	9		150		1	
_D:	1	0	8		150		1	
_D:	1	0	10		150		1	
_D:	1	0	8		150		1	
_D:	1	0	8		150		1	
_D:	1	0	8		150		1	
_D:	1	0	8		150		1	
_D:	1	0	5		150		0	
_D:	1	0	5		150		0	
_D:	1	0	5		150		0	
_D:	1	0	4		150		0	
_D:	1	0	5		150		0	
_D:	1	0	3		150		0	
_D:	1	0	4		150		0	
_D:	1	0	3		150		0	
_D:	1	0	3		150		0	
_D:	1	0	4		150		0	
_D:	1	0	4		150		1	
_D:	1	0	3		150		1	
_D:	1	0	4		150		1	
_D:	1	0	4		150		1	
_D:	1	0	5		150		1	
_D:	1	0	3		150		1	
_D:	1	0	4		150		1	
_D:	1	0	4		150		1	
_D:	1	0	4		150		1	
_D:	1	0	6		150		1	
_D:	1	0	4		150		0	
_D:	1	0	3		150		0	
_D:	1	0	3		150		0	
_D:	1	0	3		150		0	
_D:	1	0	2		150		0	
_D:	1	0	2		150		0	
_D:	1	0	2		150		0	
_D:	1	0	3		150		0	
_D:	1	0	3		150		0	
_D:	1	0	3		150		0	
_D:	1	0	4		150		1	
_D:	1	0	3		150		1	
_D:	1	0	3		150		1	
_D:	1	0	2		150		1	
_D:	1	0	3		150		1	
_D:	1	0	1		150		1	
_D:	1	0	1		150		1	
_D:	1	0	3		150		1	
_D:	1	0	2		150		1	
_D:	1	0	2		150		1	
_D:	1	0	6		150		0	
_D:	1	0	4		150		0	
_D:	1	0	5		150		0	
_D:	1	0	5		150		0	
_D:	1	0	5		150		0	
_D:	1	0	5		150		0	
_D:	1	0	5		150		0	
_D:	1	0	6		150		0	
_D:	1	0	4		150		0	
_D:	1	0	5		150		0	
_D:	1	0	6		150		1	
_D:	1	0	6		150		1	
_D:	1	0	5		150		1	
_D:	1	0	7		150		1	
_D:	1	0	4		150		1	
_D:	1	0	5		150		1	
_D:	1	0	4		150		1	
_D:	1	0	5		150		1	
_D:	1	0	4		150		1	
_D:	1	0	5		150		1	
_D:	1	0	7		150		0	
_D:	1	0	7		150		0	
_D:	1	0	7		150		0	
_D:	1	0	7		150		0	
_D:	1	0	7		150		0	
_D:	1	0	6		150		0	
_D:	1	0	6		150		0	
_D:	1	0	7		150		0	
_D:	1	0	8		150		0	
_D:	1	0	8		150		0	
_D:	1	0	7		150		1	
_D:	1	0	6		150		1	
_D:	1	0	7		150		1	
_D:	1	0	8		150		1	
_D:	1	0	6		150		1	
_D:	1	0	7		150		1	
_D:	1	0	7		150		1	
_D:	1	0	8		150		1	
_D:	1	0	6		150		1	
_D:	1	0	7		150		1	
_D:	1	0	8		150		0	
_D:	1	0	9		150		0	
_D:	1	0	7		150		0	
_D:	1	0	8		150		0	
_D:	1	0	6		150		0	
_D:	1	0	9		150		0	
_D:	1	0	9		150		0	
_D:	1	0	9		150		0	
_D:	1	0	7		150		0	
_D:	1	0	7		150		0	
_D:	1	0	8		150		1	
_D:	1	0	8		150		1	
_D:	1	0	9		150		1	
_D:	1	0	8		150		1	
_D:	1	0	9		150		1	
_D:	1	0	9		150		1	
_D:	1	0	10		150		1	
_D:	1	0	8		150		1	
_D:	1	0	8		150		1	
_D:	1	0	10		150		1	
_D:	1	0	8		150		0	
_D:	1	0	8		150		0	
_D:	1	0	9		150		0	
_D:	1	0	9		150		0	
_D:	1	0	8		150		0	
_D:	1	0	10		150		0	
_D:	1	0	8		150		0	
_D:	1	0	10		150		0	
_D:	1	0	6		150		0	
_D:	1	0	7		150		0	
_D:	1	0	9		150		1	
_D:	1	0	7		150		1	
_D:	1	0	8		150		1	
_D:	1	0	9		150		1	
_D:	1	0	8		150		1	
_D:	1	0	7		150		1	
_D:	1	0	5		150		1	
_D:	1	0	8		150		1	
_D:	1	0	8		150		1	
_D:	1	0	9		150		1	
_D:	1	0	6		150		0	
_D:	1	0	9		150		0	
_D:	1	0	9		150		0	
_D:	1	0	10		150		0	
_D:	1	0	10		150		0	
_D:	1	0	8		150		0	
_D:	1	0	8		150		0	
_D:	1	0	7		150		0	
_D:	1	0	7		150		0	
_D:	1	0	10		150		0	
_D:	1	0	6		150		1	
_D:	1	0	6		150		1	
_D:	1	0	9		150		1	
_D:	1	0	10		150		1	
_D:	1	0	7		150		1	
_D:	1	0	9		150		1	
_D:	1	0	10		150		1	
_D:	1	0	10		150		1	
_D:	1	0	9		150		1	
_D:	1	0	8		150		1	
_D:	1	0	6		150		0	
_D:	1	0	8		150		0	
_D:	1	0	7		150		0	
_D:	1	0	7		150		0	
_D:	1	0	8		150		0	
_D:	1	0	6		150		0	
_D:	1	0	7		150		0	
_D:	1	0	7		150		0	
_D:	1	0	7		150		0	
_D:	1	0	8		150		0	
_D:	1	0	7		150		1	
_D:	1	0	7		150		1	
_D:	1	0	8		150		1	
_D:	1	0	7		150		1	
_D:	1	0	6		150		1	
_D:	1	0	7		150		1	
_D:	1	0	6		150		1	
_D:	1	0	8		150		1	
_D:	1	0	6		150		1	
_D:	1	0	8		150		1	
_D:	1	0	7		150		0	
_D:	1	0	7		150		0	
_D:	1	0	7		150		0	
_D:	1	0	7		150		0	
_D:	1	0	7		150		0	
_D:	1	0	7		150		0	
_D:	1	0	7		150		0	
_D:	1	0	7		150		0	
_D:	1	0	7		150		0	
_D:	1	0	7		150		0	
_D:	1	0	7		150		1	
_D:	1	0	7		150		1	
_D:	1	0	7		150		1	
_D:	1	0	7		150		1	
_D:	1	0	7		150		1	
_D:	1	0	7		150		1	
_D:	1	0	7		150		1	
_D:	1	0	7		150		1	
_D:	1	0	7		150		1	
_D:	1	0	7		150		1	
_D:	1	0	3		150		0	
_D:	1	0	4		150		0	
_D:	1	0	5		150		0	
_D:	1	0	5		150		0	
_D:	1	0	5		150		0	
_D:	1	0	5		150		0	
_D:	1	0	3		150		0	
_D:	1	0	3		150		0	
_D:	1	0	3		150		0	
_D:	1	0	7		150		0	
_D:	1	0	4		150		1	
_D:	1	0	4		150		1	
_D:	1	0	4		150		1	
_D:	1	0	5		150		1	
_D:	1	0	5		150		1	
_D:	1	0	4		150		1	
_D:	1	0	5		150		1	
_D:	1	0	4		150		1	
_D:	1	0	6		150		1	
_D:	1	0	6		150		1	
_D:	1	0	3		150		0	
_D:	1	0	3		150		0	
_D:	1	0	2		150		0	
_D:	1	0	2		150		0	
_D:	1	0	4		150		0	
_D:	1	0	3		150		0	
_D:	1	0	3		150		0	
_D:	1	0	3		150		0	
_D:	1	0	3		150		0	
_D:	1	0	3		150		0	
_D:	1	0	3		150		1	
_D:	1	0	4		150		1	
_D:	1	0	3		150		1	
_D:	1	0	4		150		1	
_D:	1	0	3		150		1	
_D:	1	0	4		150		1	
_D:	1	0	2		150		1	
_D:	1	0	3		150		1	
_D:	1	0	4		150		1	
_D:	1	0	3		150		1	
_D:	1	0	4		150		0	
_D:	1	0	6		150		0	
_D:	1	0	4		150		0	
_D:	1	0	5		150		0	
_D:	1	0	7		150		0	
_D:	1	0	6		150		0	
_D:	1	0	5		150		0	
_D:	1	0	5		150		0	
_D:	1	0	5		150		0	
_D:	1	0	7		150		0	
_D:	1	0	5		150		1	
_D:	1	0	5		150		1	
_D:	1	0	4		150		1	
_D:	1	0	4		150		1	
_D:	1	0	5		150		1	
_D:	1	0	5		150		1	
_D:	1	0	4		150		1	
_D:	1	0	4		150		1	
_D:	1	0	4		150		1	
_D:	1	0	3		150		1	
_D:	1	0	3		150		0	
_D:	1	0	3		150		0	
_D:	1	0	2		150		0	
_D:	1	0	3		150		0	
_D:	1	0	3		150		0	
_D:	1	0	3		150		0	
_D:	1	0	3		150		0	
_D:	1	0	3		150		0	
_D:	1	0	3		150		0	
_D:	1	0	2		150		0	
_D:	1	0	4		150		1	
_D:	1	0	3		150		1	
_D:	1	0	3		150		1	
_D:	1	0	4		150		1	
_D:	1	0	3		150		1	
_D:	1	0	3		150		1	
_D:	1	0	5		150		1	
_D:	1	0	3		150		1	
_D:	1	0	3		150		1	
_D:	1	0	4		150		1	
_D:	1	0	3		150		0	
_D:	1	0	5		150		0	
_D:	1	0	4		150		0	
_D:	1	0	4		150		0	
_D:	1	0	4		150		0	
_D:	1	0	3		150		0	
_D:	1	0	2		150		0	
_D:	1	0	4		150		0	
_D:	1	0	3		150		0	
_D:	1	0	3		150		0	
_D:	1	0	4		150		1	
_D:	1	0	4		150		1	
_D:	1	0	4		150		1	
_D:	1	0	2		150		1	
_D:	1	0	2		150		1	
_D:	1	0	2		150		1	
_D:	1	0	3		150		1	
_D:	1	0	2		150		1	
_D:	1	0	3		150		1	
_D:	1	0	2		150		1	
